*** Starting uWSGI 2.0.18 (64bit) on [Mon Oct 21 23:49:44 2019] ***
compiled with version: 7.4.0 on 17 October 2019 08:24:54
os: Linux-5.0.0-31-generic #33~18.04.1-Ubuntu SMP Tue Oct 1 10:20:39 UTC 2019
nodename: python
machine: x86_64
clock source: unix
detected number of CPU cores: 4
current working directory: /home/qjg/PycharmProjects/DjangoDay15/netcotss
writing pidfile to uwsgi.pid
detected binary path: /home/qjg/Django/.venv/bin/uwsgi
!!! no internal routing support, rebuild with pcre support !!!
chdir() to /home/qjg/PycharmProjects/DjangoDay15/netcotss
your processes number limit is 15123
your memory page size is 4096 bytes
detected max file descriptor number: 1048576
lock engine: pthread robust mutexes
thunder lock: disabled (you can enable it with --thunder-lock)
uwsgi socket 0 bound to TCP address 0.0.0.0:8888 fd 3
Python version: 3.6.8 (default, Oct  7 2019, 12:59:55)  [GCC 8.3.0]
Python main interpreter initialized at 0x55dd784c8cb0
python threads support enabled
your server socket listen backlog is limited to 100 connections
your mercy for graceful operations on workers is 60 seconds
mapped 835120 bytes (815 KB) for 40 cores
*** Operational MODE: preforking+threaded ***
WSGI app 0 (mountpoint='') ready in 4 seconds on interpreter 0x55dd784c8cb0 pid: 4863 (default app)
*** uWSGI is running in multiple interpreter mode ***
spawned uWSGI master process (pid: 4863)
spawned uWSGI worker 1 (pid: 4865, cores: 10)
spawned uWSGI worker 2 (pid: 4866, cores: 10)
spawned uWSGI worker 3 (pid: 4873, cores: 10)
spawned uWSGI worker 4 (pid: 4884, cores: 10)
